<?xml version="1.0" encoding="UTF-8"?>
<!-- Generated by org.testng.reporters.JUnitXMLReporter -->
<testsuite ignored="0" hostname="LAPTOP-61H1A1R7" failures="0" tests="4" name="Surefire test" time="9.297" errors="0" timestamp="2023-07-29T21:19:53 IST">
  <testcase classname="api.test.UserTest" name="validateCreateUser" time="3.275"/>
  <testcase classname="api.test.UserTest" name="validateGetUser" time="1.518"/>
  <testcase classname="api.test.UserTest" name="validateUpdateUser" time="2.697"/>
  <testcase classname="api.test.UserTest" name="validateDeleteUser" time="1.502"/>
</testsuite> <!-- Surefire test -->
