<?xml version="1.0" encoding="UTF-8"?>
<!-- Generated by org.testng.reporters.JUnitXMLReporter -->
<testsuite ignored="0" hostname="LAPTOP-61H1A1R7" failures="0" tests="4" name="Default test" time="8.571" errors="0" timestamp="2023-07-29T21:11:19 IST">
  <testcase classname="api.test.UserTest" name="validateCreateUser" time="2.788"/>
  <testcase classname="api.test.UserTest" name="validateGetUser" time="1.431"/>
  <testcase classname="api.test.UserTest" name="validateUpdateUser" time="2.734"/>
  <testcase classname="api.test.UserTest" name="validateDeleteUser" time="1.378"/>
</testsuite> <!-- Default test -->
