<?xml version="1.0" encoding="UTF-8"?>
<testng-results ignored="0" total="4" passed="4" failed="0" skipped="0">
  <reporter-output>
  </reporter-output>
  <suite started-at="2023-07-29T21:19:44 IST" name="Surefire suite" finished-at="2023-07-29T21:19:53 IST" duration-ms="9297">
    <groups>
    </groups>
    <test started-at="2023-07-29T21:19:44 IST" name="Surefire test" finished-at="2023-07-29T21:19:53 IST" duration-ms="9297">
      <class name="api.test.UserTest">
        <test-method is-config="true" signature="setup()[pri:0, instance:api.test.UserTest@79efed2d]" started-at="2023-07-29T21:19:44 IST" name="setup" finished-at="2023-07-29T21:19:44 IST" duration-ms="263" status="PASS">
          <reporter-output>
          </reporter-output>
        </test-method> <!-- setup -->
        <test-method signature="validateCreateUser()[pri:1, instance:api.test.UserTest@79efed2d]" started-at="2023-07-29T21:19:44 IST" name="validateCreateUser" finished-at="2023-07-29T21:19:47 IST" duration-ms="3275" status="PASS">
          <reporter-output>
          </reporter-output>
        </test-method> <!-- validateCreateUser -->
        <test-method signature="validateGetUser()[pri:2, instance:api.test.UserTest@79efed2d]" started-at="2023-07-29T21:19:47 IST" name="validateGetUser" finished-at="2023-07-29T21:19:49 IST" duration-ms="1518" status="PASS">
          <reporter-output>
          </reporter-output>
        </test-method> <!-- validateGetUser -->
        <test-method signature="validateUpdateUser()[pri:3, instance:api.test.UserTest@79efed2d]" started-at="2023-07-29T21:19:49 IST" name="validateUpdateUser" finished-at="2023-07-29T21:19:52 IST" duration-ms="2697" status="PASS">
          <reporter-output>
          </reporter-output>
        </test-method> <!-- validateUpdateUser -->
        <test-method signature="validateDeleteUser()[pri:4, instance:api.test.UserTest@79efed2d]" started-at="2023-07-29T21:19:52 IST" name="validateDeleteUser" finished-at="2023-07-29T21:19:53 IST" duration-ms="1502" status="PASS">
          <reporter-output>
          </reporter-output>
        </test-method> <!-- validateDeleteUser -->
      </class> <!-- api.test.UserTest -->
    </test> <!-- Surefire test -->
  </suite> <!-- Surefire suite -->
</testng-results>
