<?xml version="1.0" encoding="UTF-8"?>
<testng-results ignored="0" total="4" passed="4" failed="0" skipped="0">
  <reporter-output>
  </reporter-output>
  <suite started-at="2023-07-29T21:11:11 IST" name="Default suite" finished-at="2023-07-29T21:11:19 IST" duration-ms="8571">
    <groups>
    </groups>
    <test started-at="2023-07-29T21:11:11 IST" name="Default test" finished-at="2023-07-29T21:11:19 IST" duration-ms="8571">
      <class name="api.test.UserTest">
        <test-method is-config="true" signature="setup()[pri:0, instance:api.test.UserTest@130d63be]" started-at="2023-07-29T21:11:11 IST" name="setup" finished-at="2023-07-29T21:11:11 IST" duration-ms="184" status="PASS">
          <reporter-output>
          </reporter-output>
        </test-method> <!-- setup -->
        <test-method signature="validateCreateUser()[pri:1, instance:api.test.UserTest@130d63be]" started-at="2023-07-29T21:11:11 IST" name="validateCreateUser" finished-at="2023-07-29T21:11:14 IST" duration-ms="2788" status="PASS">
          <reporter-output>
          </reporter-output>
        </test-method> <!-- validateCreateUser -->
        <test-method signature="validateGetUser()[pri:2, instance:api.test.UserTest@130d63be]" started-at="2023-07-29T21:11:14 IST" name="validateGetUser" finished-at="2023-07-29T21:11:15 IST" duration-ms="1431" status="PASS">
          <reporter-output>
          </reporter-output>
        </test-method> <!-- validateGetUser -->
        <test-method signature="validateUpdateUser()[pri:3, instance:api.test.UserTest@130d63be]" started-at="2023-07-29T21:11:15 IST" name="validateUpdateUser" finished-at="2023-07-29T21:11:18 IST" duration-ms="2734" status="PASS">
          <reporter-output>
          </reporter-output>
        </test-method> <!-- validateUpdateUser -->
        <test-method signature="validateDeleteUser()[pri:4, instance:api.test.UserTest@130d63be]" started-at="2023-07-29T21:11:18 IST" name="validateDeleteUser" finished-at="2023-07-29T21:11:19 IST" duration-ms="1378" status="PASS">
          <reporter-output>
          </reporter-output>
        </test-method> <!-- validateDeleteUser -->
      </class> <!-- api.test.UserTest -->
    </test> <!-- Default test -->
  </suite> <!-- Default suite -->
</testng-results>
